  TileObject.cpp
  TileCell.cpp
  State.cpp
c:\kob\2d_rpg\2dgame\state.cpp(11): warning C4018: '<': signed 또는 unsigned가 일치하지 않습니다.
c:\kob\2d_rpg\2dgame\state.cpp(41): warning C4018: '<': signed 또는 unsigned가 일치하지 않습니다.
c:\kob\2d_rpg\2dgame\state.cpp(49): warning C4018: '<': signed 또는 unsigned가 일치하지 않습니다.
  Stage.cpp
c:\kob\2d_rpg\2dgame\stage.cpp(93): error C2027: 정의되지 않은 형식 'LifeStageLoader'을(를) 사용했습니다.
  c:\kob\2d_rpg\2dgame\stage.h(7): note: 'LifeStageLoader' 선언을 참조하십시오.
c:\kob\2d_rpg\2dgame\stage.cpp(97): error C2061: 구문 오류: 식별자 'DefaultStageLoader'
c:\kob\2d_rpg\2dgame\stage.cpp(152): error C2084: 'Map *Stage::GetMap(void)' 함수에 이미 본문이 있습니다.
  c:\kob\2d_rpg\2dgame\stage.h(27): note: 'GetMap'의 이전 정의를 참조하십시오.
c:\kob\2d_rpg\2dgame\stage.cpp(183): error C2059: 구문 오류: ';'
  Player.cpp
c:\kob\2d_rpg\2dgame\stage.h(45): error C2065: 'StageLoader': 선언되지 않은 식별자입니다.
c:\kob\2d_rpg\2dgame\stage.h(45): error C2059: 구문 오류: '>'
c:\kob\2d_rpg\2dgame\stage.h(45): error C2976: 'std::map': 템플릿 인수가 너무 적습니다.
  c:\program files (x86)\microsoft visual studio\2017\community\vc\tools\msvc\14.10.25017\include\map(73): note: 'std::map' 선언을 참조하십시오.
  NPC.cpp
c:\kob\2d_rpg\2dgame\stage.h(45): error C2065: 'StageLoader': 선언되지 않은 식별자입니다.
c:\kob\2d_rpg\2dgame\stage.h(45): error C2059: 구문 오류: '>'
c:\kob\2d_rpg\2dgame\stage.h(45): error C2976: 'std::map': 템플릿 인수가 너무 적습니다.
  c:\program files (x86)\microsoft visual studio\2017\community\vc\tools\msvc\14.10.25017\include\map(73): note: 'std::map' 선언을 참조하십시오.
  MoveState.cpp
c:\kob\2d_rpg\2dgame\stage.h(45): error C2065: 'StageLoader': 선언되지 않은 식별자입니다.
c:\kob\2d_rpg\2dgame\stage.h(45): error C2059: 구문 오류: '>'
c:\kob\2d_rpg\2dgame\stage.h(45): error C2976: 'std::map': 템플릿 인수가 너무 적습니다.
  c:\program files (x86)\microsoft visual studio\2017\community\vc\tools\msvc\14.10.25017\include\map(73): note: 'std::map' 선언을 참조하십시오.
  Monster.cpp
c:\kob\2d_rpg\2dgame\stage.h(45): error C2065: 'StageLoader': 선언되지 않은 식별자입니다.
c:\kob\2d_rpg\2dgame\stage.h(45): error C2059: 구문 오류: '>'
c:\kob\2d_rpg\2dgame\stage.h(45): error C2976: 'std::map': 템플릿 인수가 너무 적습니다.
  c:\program files (x86)\microsoft visual studio\2017\community\vc\tools\msvc\14.10.25017\include\map(73): note: 'std::map' 선언을 참조하십시오.
  Map.cpp
c:\kob\2d_rpg\2dgame\map.cpp(56): warning C4996: 'sprintf': This function or variable may be unsafe. Consider using sprintf_s instead. To disable deprecation, use _CRT_SECURE_NO_WARNINGS. See online help for details.
  c:\program files (x86)\windows kits\10\include\10.0.15063.0\ucrt\stdio.h(1772): note: 'sprintf' 선언을 참조하십시오.
c:\kob\2d_rpg\2dgame\map.cpp(59): warning C4996: 'sprintf': This function or variable may be unsafe. Consider using sprintf_s instead. To disable deprecation, use _CRT_SECURE_NO_WARNINGS. See online help for details.
  c:\program files (x86)\windows kits\10\include\10.0.15063.0\ucrt\stdio.h(1772): note: 'sprintf' 선언을 참조하십시오.
c:\kob\2d_rpg\2dgame\map.cpp(72): warning C4996: 'strtok': This function or variable may be unsafe. Consider using strtok_s instead. To disable deprecation, use _CRT_SECURE_NO_WARNINGS. See online help for details.
  c:\program files (x86)\windows kits\10\include\10.0.15063.0\ucrt\string.h(439): note: 'strtok' 선언을 참조하십시오.
c:\kob\2d_rpg\2dgame\map.cpp(78): warning C4996: 'strtok': This function or variable may be unsafe. Consider using strtok_s instead. To disable deprecation, use _CRT_SECURE_NO_WARNINGS. See online help for details.
  c:\program files (x86)\windows kits\10\include\10.0.15063.0\ucrt\string.h(439): note: 'strtok' 선언을 참조하십시오.
c:\kob\2d_rpg\2dgame\map.cpp(80): warning C4996: 'strtok': This function or variable may be unsafe. Consider using strtok_s instead. To disable deprecation, use _CRT_SECURE_NO_WARNINGS. See online help for details.
  c:\program files (x86)\windows kits\10\include\10.0.15063.0\ucrt\string.h(439): note: 'strtok' 선언을 참조하십시오.
c:\kob\2d_rpg\2dgame\map.cpp(103): warning C4996: 'strtok': This function or variable may be unsafe. Consider using strtok_s instead. To disable deprecation, use _CRT_SECURE_NO_WARNINGS. See online help for details.
  c:\program files (x86)\windows kits\10\include\10.0.15063.0\ucrt\string.h(439): note: 'strtok' 선언을 참조하십시오.
c:\kob\2d_rpg\2dgame\map.cpp(125): warning C4996: 'strtok': This function or variable may be unsafe. Consider using strtok_s instead. To disable deprecation, use _CRT_SECURE_NO_WARNINGS. See online help for details.
  c:\program files (x86)\windows kits\10\include\10.0.15063.0\ucrt\string.h(439): note: 'strtok' 선언을 참조하십시오.
c:\kob\2d_rpg\2dgame\map.cpp(161): warning C4996: 'strtok': This function or variable may be unsafe. Consider using strtok_s instead. To disable deprecation, use _CRT_SECURE_NO_WARNINGS. See online help for details.
  c:\program files (x86)\windows kits\10\include\10.0.15063.0\ucrt\string.h(439): note: 'strtok' 선언을 참조하십시오.
c:\kob\2d_rpg\2dgame\map.cpp(208): warning C4244: '=': 'int'에서 'float'(으)로 변환하면서 데이터가 손실될 수 있습니다.
c:\kob\2d_rpg\2dgame\map.cpp(209): warning C4244: '=': 'int'에서 'float'(으)로 변환하면서 데이터가 손실될 수 있습니다.
c:\kob\2d_rpg\2dgame\map.cpp(290): warning C4244: 'return': 'float'에서 'int'(으)로 변환하면서 데이터가 손실될 수 있습니다.
c:\kob\2d_rpg\2dgame\map.cpp(295): warning C4244: 'return': 'float'에서 'int'(으)로 변환하면서 데이터가 손실될 수 있습니다.
c:\kob\2d_rpg\2dgame\map.cpp(362): warning C4244: '=': 'int'에서 'float'(으)로 변환하면서 데이터가 손실될 수 있습니다.
c:\kob\2d_rpg\2dgame\map.cpp(363): warning C4244: '=': 'int'에서 'float'(으)로 변환하면서 데이터가 손실될 수 있습니다.
  LifeTileObject.cpp
c:\kob\2d_rpg\2dgame\stage.h(45): error C2065: 'StageLoader': 선언되지 않은 식별자입니다.
c:\kob\2d_rpg\2dgame\stage.h(45): error C2059: 구문 오류: '>'
c:\kob\2d_rpg\2dgame\stage.h(45): error C2976: 'std::map': 템플릿 인수가 너무 적습니다.
  c:\program files (x86)\microsoft visual studio\2017\community\vc\tools\msvc\14.10.25017\include\map(73): note: 'std::map' 선언을 참조하십시오.
  StageLoader.cpp
c:\kob\2d_rpg\2dgame\stage.h(45): error C2039: 'map': 'std'의 멤버가 아닙니다.
  c:\program files (x86)\microsoft visual studio\2017\community\vc\tools\msvc\14.10.25017\include\list(15): note: 'std' 선언을 참조하십시오.
c:\kob\2d_rpg\2dgame\stage.h(45): error C2143: 구문 오류: ';'이(가) '<' 앞에 없습니다.
c:\kob\2d_rpg\2dgame\stage.h(45): error C4430: 형식 지정자가 없습니다. int로 가정합니다. 참고: C++에서는 기본 int를 지원하지 않습니다.
c:\kob\2d_rpg\2dgame\stage.h(45): error C2238: ';' 앞에 예기치 않은 토큰이 있습니다.
  PathfinderStageLoader.cpp
c:\kob\2d_rpg\2dgame\stage.h(45): error C2039: 'map': 'std'의 멤버가 아닙니다.
  c:\program files (x86)\microsoft visual studio\2017\community\vc\tools\msvc\14.10.25017\include\list(15): note: 'std' 선언을 참조하십시오.
c:\kob\2d_rpg\2dgame\stage.h(45): error C2143: 구문 오류: ';'이(가) '<' 앞에 없습니다.
c:\kob\2d_rpg\2dgame\stage.h(45): error C4430: 형식 지정자가 없습니다. int로 가정합니다. 참고: C++에서는 기본 int를 지원하지 않습니다.
c:\kob\2d_rpg\2dgame\stage.h(45): error C2238: ';' 앞에 예기치 않은 토큰이 있습니다.
c:\kob\2d_rpg\2dgame\pathfinderstageloader.cpp(8): error C2512: 'StageLoader': 사용할 수 있는 적절한 기본 생성자가 없습니다.
  c:\kob\2d_rpg\2dgame\stageloader.h(8): note: 'StageLoader' 선언을 참조하십시오.
c:\kob\2d_rpg\2dgame\pathfinderstageloader.cpp(19): error C2660: 'StageLoader::CreateComponents': 함수는 1개의 매개 변수를 사용하지 않습니다.
c:\kob\2d_rpg\2dgame\pathfinderstageloader.cpp(22): error C2146: 구문 오류: ';'이(가) 'Component' 식별자 앞에 없습니다.
c:\kob\2d_rpg\2dgame\pathfinderstageloader.cpp(26): error C2661: 'PathfinderPlayer::PathfinderPlayer': 오버로드된 함수에서 3개의 매개 변수를 사용하지 않습니다.
  PathfinderPlayer.cpp
c:\kob\2d_rpg\2dgame\pathfinderplayer.cpp(4): error C2512: 'Player': 사용할 수 있는 적절한 기본 생성자가 없습니다.
  c:\kob\2d_rpg\2dgame\player.h(4): note: 'Player' 선언을 참조하십시오.
c:\kob\2d_rpg\2dgame\pathfinderplayer.cpp(20): error C2061: 구문 오류: 식별자 'IdleState'
c:\kob\2d_rpg\2dgame\pathfinderplayer.cpp(20): error C2660: 'Character::ReplaceState': 함수는 1개의 매개 변수를 사용하지 않습니다.
  PathfinderMonster.cpp
  LifeStageLoader.cpp
c:\kob\2d_rpg\2dgame\stage.h(45): error C2039: 'map': 'std'의 멤버가 아닙니다.
  c:\program files (x86)\microsoft visual studio\2017\community\vc\tools\msvc\14.10.25017\include\list(15): note: 'std' 선언을 참조하십시오.
c:\kob\2d_rpg\2dgame\stage.h(45): error C2143: 구문 오류: ';'이(가) '<' 앞에 없습니다.
c:\kob\2d_rpg\2dgame\stage.h(45): error C4430: 형식 지정자가 없습니다. int로 가정합니다. 참고: C++에서는 기본 int를 지원하지 않습니다.
c:\kob\2d_rpg\2dgame\stage.h(45): error C2238: ';' 앞에 예기치 않은 토큰이 있습니다.
  LifePlayer.cpp
  IdleState.cpp
  GameSystem.cpp
c:\kob\2d_rpg\2dgame\stage.h(45): error C2065: 'StageLoader': 선언되지 않은 식별자입니다.
c:\kob\2d_rpg\2dgame\stage.h(45): error C2059: 구문 오류: '>'
c:\kob\2d_rpg\2dgame\stage.h(45): error C2976: 'std::map': 템플릿 인수가 너무 적습니다.
  c:\program files (x86)\microsoft visual studio\2017\community\vc\tools\msvc\14.10.25017\include\map(73): note: 'std::map' 선언을 참조하십시오.
c:\kob\2d_rpg\2dgame\gamesystem.cpp(278): warning C4996: 'swprintf': function has been changed to conform with the ISO C standard, adding an extra character count parameter. To use the traditional Microsoft version, set _CRT_NON_CONFORMING_SWPRINTFS.
  c:\program files (x86)\windows kits\10\include\10.0.15063.0\ucrt\corecrt_wstdio.h(1822): note: 'swprintf' 선언을 참조하십시오.
  DefenceState.cpp
  DeadState.cpp
  코드를 생성하고 있습니다...
  컴파일하고 있습니다...
  ComponentSystem.cpp
c:\kob\2d_rpg\2dgame\stage.h(45): error C2065: 'StageLoader': 선언되지 않은 식별자입니다.
c:\kob\2d_rpg\2dgame\stage.h(45): error C2059: 구문 오류: '>'
c:\kob\2d_rpg\2dgame\stage.h(45): error C2976: 'std::map': 템플릿 인수가 너무 적습니다.
  c:\program files (x86)\microsoft visual studio\2017\community\vc\tools\msvc\14.10.25017\include\map(73): note: 'std::map' 선언을 참조하십시오.
c:\kob\2d_rpg\2dgame\componentsystem.cpp(101): warning C4018: '<': signed 또는 unsigned가 일치하지 않습니다.
  Component.cpp
  Character.cpp
c:\kob\2d_rpg\2dgame\stage.h(45): error C2065: 'StageLoader': 선언되지 않은 식별자입니다.
c:\kob\2d_rpg\2dgame\stage.h(45): error C2059: 구문 오류: '>'
c:\kob\2d_rpg\2dgame\stage.h(45): error C2976: 'std::map': 템플릿 인수가 너무 적습니다.
  c:\program files (x86)\microsoft visual studio\2017\community\vc\tools\msvc\14.10.25017\include\map(73): note: 'std::map' 선언을 참조하십시오.
c:\kob\2d_rpg\2dgame\character.cpp(61): warning C4244: '=': 'int'에서 'float'(으)로 변환하면서 데이터가 손실될 수 있습니다.
c:\kob\2d_rpg\2dgame\character.cpp(62): warning C4244: '=': 'int'에서 'float'(으)로 변환하면서 데이터가 손실될 수 있습니다.
c:\kob\2d_rpg\2dgame\character.cpp(116): warning C4244: '=': 'int'에서 'float'(으)로 변환하면서 데이터가 손실될 수 있습니다.
c:\kob\2d_rpg\2dgame\character.cpp(117): warning C4244: '=': 'int'에서 'float'(으)로 변환하면서 데이터가 손실될 수 있습니다.
c:\kob\2d_rpg\2dgame\character.cpp(190): warning C4244: '인수': 'float'에서 'int'(으)로 변환하면서 데이터가 손실될 수 있습니다.
c:\kob\2d_rpg\2dgame\character.cpp(281): warning C4244: '=': 'int'에서 'float'(으)로 변환하면서 데이터가 손실될 수 있습니다.
c:\kob\2d_rpg\2dgame\character.cpp(282): warning C4244: '=': 'int'에서 'float'(으)로 변환하면서 데이터가 손실될 수 있습니다.
c:\kob\2d_rpg\2dgame\character.cpp(294): warning C4244: '=': 'int'에서 'float'(으)로 변환하면서 데이터가 손실될 수 있습니다.
c:\kob\2d_rpg\2dgame\character.cpp(295): warning C4244: '=': 'int'에서 'float'(으)로 변환하면서 데이터가 손실될 수 있습니다.
c:\kob\2d_rpg\2dgame\character.cpp(313): warning C4244: '=': 'int'에서 'float'(으)로 변환하면서 데이터가 손실될 수 있습니다.
c:\kob\2d_rpg\2dgame\character.cpp(314): warning C4244: '=': 'int'에서 'float'(으)로 변환하면서 데이터가 손실될 수 있습니다.
c:\kob\2d_rpg\2dgame\character.cpp(345): warning C4244: '=': 'int'에서 'float'(으)로 변환하면서 데이터가 손실될 수 있습니다.
c:\kob\2d_rpg\2dgame\character.cpp(346): warning C4244: '=': 'int'에서 'float'(으)로 변환하면서 데이터가 손실될 수 있습니다.
  코드를 생성하고 있습니다...
  컴파일하고 있습니다...
  RecoveryItem.cpp
c:\kob\2d_rpg\2dgame\stage.h(45): error C2065: 'StageLoader': 선언되지 않은 식별자입니다.
c:\kob\2d_rpg\2dgame\stage.h(45): error C2059: 구문 오류: '>'
c:\kob\2d_rpg\2dgame\stage.h(45): error C2976: 'std::map': 템플릿 인수가 너무 적습니다.
  c:\program files (x86)\microsoft visual studio\2017\community\vc\tools\msvc\14.10.25017\include\map(73): note: 'std::map' 선언을 참조하십시오.
c:\kob\2d_rpg\2dgame\recoveryitem.cpp(41): warning C4244: '=': 'int'에서 'float'(으)로 변환하면서 데이터가 손실될 수 있습니다.
c:\kob\2d_rpg\2dgame\recoveryitem.cpp(42): warning C4244: '=': 'int'에서 'float'(으)로 변환하면서 데이터가 손실될 수 있습니다.
  LifeNPC.cpp
  AttackState.cpp
  코드를 생성하고 있습니다...
